<?xml version="1.0" encoding="UTF-8"?>
<testsuites>
  <testsuite name="fastlane.lanes">
    
    
    
      
      <testcase classname="fastlane.lanes" name="00: import_from_git" time="4.513197">
        
      </testcase>
    
      
      <testcase classname="fastlane.lanes" name="01: git_pull" time="14.099829">
        
      </testcase>
    
      
      <testcase classname="fastlane.lanes" name="02: ensure_git_branch" time="0.009268">
        
      </testcase>
    
      
      <testcase classname="fastlane.lanes" name="03: version_bump_podspec" time="0.002625">
        
      </testcase>
    
      
      <testcase classname="fastlane.lanes" name="04: git_add" time="0.012424">
        
      </testcase>
    
      
      <testcase classname="fastlane.lanes" name="05: git_commit" time="0.034227">
        
      </testcase>
    
      
      <testcase classname="fastlane.lanes" name="06: push_to_git_remote" time="10.515251">
        
      </testcase>
    
      
      <testcase classname="fastlane.lanes" name="07: git_tag_exists" time="0.009595">
        
      </testcase>
    
      
      <testcase classname="fastlane.lanes" name="08: add_git_tag" time="0.01438">
        
      </testcase>
    
      
      <testcase classname="fastlane.lanes" name="09: push_git_tags" time="14.675202">
        
      </testcase>
    
      
      <testcase classname="fastlane.lanes" name="10: pod_lib_lint" time="6.141837">
        
          <failure message="/Users/wangqihang/.rbenv/versions/2.5.7/lib/ruby/gems/2.5.0/gems/fastlane-2.134.0/fastlane/lib/fastlane/actions/actions_helper.rb:48:in `execute_action'&#10;/Users/wangqihang/.rbenv/versions/2.5.7/lib/ruby/gems/2.5.0/gems/fastlane-2.134.0/fastlane/lib/fastlane/runner.rb:235:in `block in execute_action'&#10;/Users/wangqihang/.rbenv/versions/2.5.7/lib/ruby/gems/2.5.0/gems/fastlane-2.134.0/fastlane/lib/fastlane/runner.rb:227:in `chdir'&#10;/Users/wangqihang/.rbenv/versions/2.5.7/lib/ruby/gems/2.5.0/gems/fastlane-2.134.0/fastlane/lib/fastlane/runner.rb:227:in `execute_action'&#10;/Users/wangqihang/.rbenv/versions/2.5.7/lib/ruby/gems/2.5.0/gems/fastlane-2.134.0/fastlane/lib/fastlane/runner.rb:157:in `trigger_action_by_name'&#10;/Users/wangqihang/.rbenv/versions/2.5.7/lib/ruby/gems/2.5.0/gems/fastlane-2.134.0/fastlane/lib/fastlane/fast_file.rb:159:in `method_missing'&#10;../../../../../../../var/folders/lz/bvqqgs6s4vg3mnlcz1gg2hh00000gn/T/fl_clone20191018-10680-zaemvm/fastlane-files/fastlane/Fastfile:41:in `block in parsing_binding'&#10;/Users/wangqihang/.rbenv/versions/2.5.7/lib/ruby/gems/2.5.0/gems/fastlane-2.134.0/fastlane/lib/fastlane/lane.rb:33:in `call'&#10;/Users/wangqihang/.rbenv/versions/2.5.7/lib/ruby/gems/2.5.0/gems/fastlane-2.134.0/fastlane/lib/fastlane/runner.rb:49:in `block in execute'&#10;/Users/wangqihang/.rbenv/versions/2.5.7/lib/ruby/gems/2.5.0/gems/fastlane-2.134.0/fastlane/lib/fastlane/runner.rb:45:in `chdir'&#10;/Users/wangqihang/.rbenv/versions/2.5.7/lib/ruby/gems/2.5.0/gems/fastlane-2.134.0/fastlane/lib/fastlane/runner.rb:45:in `execute'&#10;/Users/wangqihang/.rbenv/versions/2.5.7/lib/ruby/gems/2.5.0/gems/fastlane-2.134.0/fastlane/lib/fastlane/lane_manager.rb:56:in `cruise_lane'&#10;/Users/wangqihang/.rbenv/versions/2.5.7/lib/ruby/gems/2.5.0/gems/fastlane-2.134.0/fastlane/lib/fastlane/command_line_handler.rb:36:in `handle'&#10;/Users/wangqihang/.rbenv/versions/2.5.7/lib/ruby/gems/2.5.0/gems/fastlane-2.134.0/fastlane/lib/fastlane/commands_generator.rb:108:in `block (2 levels) in run'&#10;/Users/wangqihang/.rbenv/versions/2.5.7/lib/ruby/gems/2.5.0/gems/commander-fastlane-4.4.6/lib/commander/command.rb:178:in `call'&#10;/Users/wangqihang/.rbenv/versions/2.5.7/lib/ruby/gems/2.5.0/gems/commander-fastlane-4.4.6/lib/commander/command.rb:153:in `run'&#10;/Users/wangqihang/.rbenv/versions/2.5.7/lib/ruby/gems/2.5.0/gems/commander-fastlane-4.4.6/lib/commander/runner.rb:476:in `run_active_command'&#10;/Users/wangqihang/.rbenv/versions/2.5.7/lib/ruby/gems/2.5.0/gems/fastlane-2.134.0/fastlane_core/lib/fastlane_core/ui/fastlane_runner.rb:76:in `run!'&#10;/Users/wangqihang/.rbenv/versions/2.5.7/lib/ruby/gems/2.5.0/gems/commander-fastlane-4.4.6/lib/commander/delegates.rb:15:in `run!'&#10;/Users/wangqihang/.rbenv/versions/2.5.7/lib/ruby/gems/2.5.0/gems/fastlane-2.134.0/fastlane/lib/fastlane/commands_generator.rb:349:in `run'&#10;/Users/wangqihang/.rbenv/versions/2.5.7/lib/ruby/gems/2.5.0/gems/fastlane-2.134.0/fastlane/lib/fastlane/commands_generator.rb:41:in `start'&#10;/Users/wangqihang/.rbenv/versions/2.5.7/lib/ruby/gems/2.5.0/gems/fastlane-2.134.0/fastlane/lib/fastlane/cli_tools_distributor.rb:119:in `take_off'&#10;/Users/wangqihang/.rbenv/versions/2.5.7/lib/ruby/gems/2.5.0/gems/fastlane-2.134.0/bin/fastlane:23:in `&lt;top (required)&gt;'&#10;/usr/local/bin/fastlane:23:in `load'&#10;/usr/local/bin/fastlane:23:in `&lt;main&gt;'&#10;&#10;Exit status of command 'pod lib lint --allow-warnings' was 1 instead of 0.&#10;&#10; -&gt; A_Category -&gt; A_Category (1.0.0)&#10;    - WARN  | summary: The summary is not meaningful.&#10;    - ERROR | [iOS] xcodebuild: Returned an unsuccessful exit code. You can use `--verbose` for more information.&#10;    - NOTE  | xcodebuild:  note: Using new build system&#10;    - NOTE  | [iOS] xcodebuild:  note: Planning build&#10;    - NOTE  | [iOS] xcodebuild:  note: Constructing build description&#10;    - NOTE  | [iOS] xcodebuild:  warning: Skipping code signing because the target does not have an Info.plist file. (in target 'App')&#10;    - NOTE  | xcodebuild:  /Users/wangqihang/Documents/qihang/Project/A_Category/A_Category/A_Category/CTMediator+A.h:9:9: fatal error: 'CTMediator/CTMediator.h' file not found&#10;&#10;[!] A_Category did not pass validation, due to 1 error.&#10;You can use the `--no-clean` option to inspect any issue.&#10;" />
        
      </testcase>
    
  </testsuite>
</testsuites>
